<?xml version="1.0" encoding="UTF-8"?>
<coverage generated="1648482355910" clover="3.2.0">
  <project timestamp="1648482355910" name="All files">
    <metrics statements="30" coveredstatements="26" conditionals="4" coveredconditionals="2" methods="9" coveredmethods="7" elements="43" coveredelements="35" complexity="0" loc="30" ncloc="30" packages="1" files="2" classes="2"/>
    <file name="bank.js" path="/Users/peterocallaghan/Projects/bank_tech_test/bank.js">
      <metrics statements="25" coveredstatements="21" conditionals="4" coveredconditionals="2" methods="8" coveredmethods="6"/>
      <line num="1" count="1" type="stmt"/>
      <line num="5" count="5" type="stmt"/>
      <line num="6" count="5" type="stmt"/>
      <line num="10" count="3" type="stmt"/>
      <line num="14" count="4" type="stmt"/>
      <line num="15" count="4" type="stmt"/>
      <line num="19" count="3" type="stmt"/>
      <line num="20" count="3" type="stmt"/>
      <line num="24" count="1" type="stmt"/>
      <line num="25" count="1" type="stmt"/>
      <line num="29" count="1" type="stmt"/>
      <line num="31" count="1" type="stmt"/>
      <line num="32" count="1" type="stmt"/>
      <line num="34" count="1" type="cond" truecount="1" falsecount="1"/>
      <line num="35" count="1" type="stmt"/>
      <line num="37" count="1" type="stmt"/>
      <line num="39" count="1" type="cond" truecount="1" falsecount="1"/>
      <line num="40" count="0" type="stmt"/>
      <line num="42" count="1" type="stmt"/>
      <line num="44" count="1" type="stmt"/>
      <line num="45" count="1" type="stmt"/>
      <line num="49" count="0" type="stmt"/>
      <line num="50" count="0" type="stmt"/>
      <line num="52" count="0" type="stmt"/>
      <line num="59" count="1" type="stmt"/>
    </file>
    <file name="transaction.js" path="/Users/peterocallaghan/Projects/bank_tech_test/transaction.js">
      <metrics statements="5" coveredstatements="5" conditionals="0" coveredconditionals="0" methods="1" coveredmethods="1"/>
      <line num="4" count="8" type="stmt"/>
      <line num="5" count="8" type="stmt"/>
      <line num="6" count="8" type="stmt"/>
      <line num="7" count="8" type="stmt"/>
      <line num="12" count="2" type="stmt"/>
    </file>
  </project>
</coverage>
