TN:
SF:bank.js
FN:4,(anonymous_0)
FN:9,(anonymous_1)
FN:13,(anonymous_2)
FN:18,(anonymous_3)
FN:23,(anonymous_4)
FN:28,(anonymous_5)
FN:48,(anonymous_6)
FN:52,(anonymous_7)
FNF:8
FNH:6
FNDA:5,(anonymous_0)
FNDA:3,(anonymous_1)
FNDA:4,(anonymous_2)
FNDA:3,(anonymous_3)
FNDA:1,(anonymous_4)
FNDA:1,(anonymous_5)
FNDA:0,(anonymous_6)
FNDA:0,(anonymous_7)
DA:1,1
DA:5,5
DA:6,5
DA:10,3
DA:14,4
DA:15,4
DA:19,3
DA:20,3
DA:24,1
DA:25,1
DA:29,1
DA:31,1
DA:32,1
DA:34,1
DA:35,1
DA:37,1
DA:39,1
DA:40,0
DA:42,1
DA:44,1
DA:45,1
DA:49,0
DA:50,0
DA:52,0
DA:59,1
LF:25
LH:21
BRDA:34,0,0,1
BRDA:34,0,1,0
BRDA:39,1,0,0
BRDA:39,1,1,1
BRF:4
BRH:2
end_of_record
TN:
SF:transaction.js
FN:3,(anonymous_0)
FNF:1
FNH:1
FNDA:8,(anonymous_0)
DA:4,8
DA:5,8
DA:6,8
DA:7,8
DA:12,2
LF:5
LH:5
BRF:0
BRH:0
end_of_record
